https://v1.ru/
https://ya62.ru/
http://belgorodtv.ru/
https://www.ap22.ru/
https://1line.info/
https://www.bankfax.ru/
https://tolknews.ru/
https://prufy.ru/
http://dagpravda.ru/
https://gazeta-n1.ru/
https://www.riakchr.ru/
https://mirmol.ru/
https://gubdaily.ru/
https://ptzgovorit.ru/
https://komiinform.ru/
https://yocity12.com/news/
https://www.marpravda.ru/
https://www.amur.life/
https://www.mordovmedia.ru/
https://asn24.ru/
https://ampravda.ru/
https://2x2.su/
https://www.amur.info/
https://portamur.ru/
https://region29.ru/
https://region29.ru/tv/
https://pravdasevera.ru/
https://www.pomorie.ru/
https://dvinatoday.ru/
https://bloknot-astrakhan.ru/
https://vdvsn.ru/
https://lotosgtrk.ru/
https://gazetanb.ru/
https://mirbelogorya.ru/live.html
https://klintsy.info/
https://riastrela.ru/
https://newsbryansk.ru/
https://www.belpressa.ru/
https://tomiks33.ru/
https://progorod33.ru/
https://gazetanga.ru/
https://bloknot-volgograd.ru/
https://os34.ru/
https://newsvladimir.ru/
https://vologda-poisk.ru/
https://onlinevologda.ru/
https://cherinfo.ru/
http://cher-is.com/
https://bloknot-voronezh.ru/
https://www.gorodche.ru/
https://riavrn.ru/
https://abireg.ru/
https://obozvrn.ru/
https://volgograd-trv.ru/
https://newsivanovo.ru/
https://i38.ru/
https://vrntimes.ru/
https://www.newkaliningrad.ru/
https://kaluganews.ru/
https://www.kaluga-poisk.ru/
https://snews.ru/
https://gazeta.a42.ru/
http://zauralonline.ru/
http://www.selnow45.ru/
https://online47.ru/
https://lipetskmedia.ru/
https://lipetsknews.ru/
https://podolskriamo.ru/
https://www.mvestnik.ru/
https://www.oka.fm/
https://www.vgoroden.ru/
https://53news.ru/
https://vnru.ru/
https://novvedomosti.ru/
https://gazetanovgorod.ru/
https://ngs.ru/
https://nsknews.info/
https://vn.ru/
https://atas.info/
https://gorod55.ru/
https://ksonline.ru/
https://newsomsk.ru/
https://bk55.ru/
https://ngs55.ru/
https://newsorel.ru/
https://www.penzainform.ru/
https://penzavzglyad.ru/
https://gorodz.info/
https://penzanews.ru/
https://orsk.ru/
https://luki.ru/
https://informpskov.ru/
https://gorodn.ru/
https://bloknot-rostov.ru/
https://pravdapskov.ru/
https://161.ru/
https://www.donnews.ru/
https://www.ruffnews.ru/
https://penza-online.ru/
https://62info.ru/
https://mediaryazan.ru/
https://63.ru/
https://www.rzn.info/
https://volga.news/
https://www.samru.ru/
https://citytraffic.ru/
https://wolsk.ru/
https://www.sarbc.ru/
https://volsklife.ru/
https://www.rncb.ru/c/?back=L3ZvbG5hX3JuY2Iv
https://www.vl.ru/vladivostok
https://sso.mtsbank.ru/login/mtsmoney/auth/
https://www.gtrkmariel.ru/
https://kaskad.tv/
https://nedelya40.ru/
https://kuzrab.ru/
https://kirov-portal.ru/
https://kirovpravda.ru/
https://istochnik.online/
https://kuzbass-today.ru/
https://bnkirov.ru/
https://www.city-n.ru/
https://chepetsk.ru/
https://vashgorod.ru/
https://vkirove.ru/
https://echokirova.ru/
https://www.m24.ru/live
https://78.ru/tv
https://katun24.ru/k24
https://vesti42.ru/
https://kubantv.ru/
https://www.prima-tv.ru/
https://www.kamchatka.tv/index.php/pryamoj-efir
https://vestivrn.ru/
https://sev.tv/
https://trc33.ru/programm
https://www.enisey.tv/live/
https://gtrk-kaluga.ru/
https://tvkrasnodar.ru/tv/pryamoy-efir/
https://xn--35-dlcmp7ch.xn--p1ai/
https://nts-tv.com/
https://vesti-k.ru/online/
https://nntv.media/volga24
https://novgorod-tv.ru/teleproekty/novgorodskoe-televidenie-glavnyj-efir/
https://vestinn.ru/
https://www.volga-tv.ru/
https://vestiprim.ru/onair.html
https://www.gtrkpskov.ru/
https://12-kanal.ru/
https://vesti-perm.ru/
https://tv-express.ru/
https://komigor.com/
https://russia58.tv/
http://www.gtrkoka.ru/
https://tvsamara.ru/online/
https://don24.ru/tv
https://ktv-ray.ru/translyacii/
https://tnv.ru/
https://tatarstan24.tv/news/rubric/list/programmy-telekanala
https://tyumen-time.ru/broadcast/
https://vestitula.ru/live-russia1-tula
https://region-tyumen.ru/
https://nvk-online.ru/new/
https://vesti-yamal.ru/
https://sitv.ru/efir/c1/
https://ugra-tv.ru/
https://noyabrsk24.ru/
http://www.dvinainform.ru/
https://www.moskvaonline.ru/providers
https://msk.rt.ru/b2b
https://rt-internet.ru/#/p/zayavka
https://b2c.passport.rt.ru/auth/realms/b2c/protocol/openid-connect/auth?client_id=account_b2c&redirect_uri=https://b2c.passport.rt.ru/account_b2c/login&response_type=code&scope=openid&state=a92c84ce-b5be-4a4b-9e30-89d19b8b4b10
https://moskva.mts.ru/personal/dom/home-allmts/moskva
https://mgts.ru/home/internet/
https://moscow.megafon.ru/pay/online_payment_credit_card/
https://plus.megafon.ru/
https://kiozk.ru/audio/biznes
https://www.akado.ru/services/dtv-internet/
https://www.akado.ru/sub/payment/sbr/
https://megafon.tv/shows/Domashnee_pole_2022
https://video-cam.akado.ru/login.html
https://www.akado-telecom.ru/zakaz/
https://movix.ru/television
https://movix.ru/television#authorization-welcome
https://internet-tv-dom.ru/irkutsk
https://almatel.ru/internet/
https://almatel.ru/payment/
https://www.maryno.net/internet/
https://lk.maryno.net/login/
https://irkutsk.ttk.ru/home-inet/
https://www.spr.ru/himki/lyubi.html
https://lk.ttk.ru/po/login.jsf
https://b2b.ttk.ru/
https://b2b.ttk.ru/operators/
https://mylink.tel/
https://interactive-24.ru/rinet#feedback
https://corp.mylink.tel/
http://english.ttk.ru/
https://int-tel.net/
https://ihome.ru/language/ru/%d0%a1%d0%b5%d1%82%d1%8c/
https://billing.mosinter.net/cp/login
https://account.garstelecom.ru/
https://ekt.rt.ru/-volyny-/homeinternet/internet_tv
https://www.bistv.ru/
https://www.seven-sky.net/for_abonents/InternetTV/Moskva_i_MO
https://altegrosky.ru/services/sputnikovyi-internet/
https://lk.westcall.ru/login
https://bisv.ru/internet/#business
https://platforms.su/login
https://cirex.ru/channels
https://xn--q1ab.xn--p1ai/request/
https://avanta-telecom.ru/pay/
https://lc.avanta-telecom.ru/login
https://www.lantek.ru/connect
https://www.lantek.ru/payments
http://www.velnet.ru/oplata-uslug.html
https://stat.m9com.ru/uwm/
https://slk.ikosmos.tv/
https://ikosmos.tv/
https://ikosmos.tv/pay
https://lk.m9-uz.ru/uwm/
https://secure.onpay.ru/pay/psk-net?f=7&pay_mode=free¤cy=RUR#/
http://www.telemednet.ru/zay3.php
https://www.citytelecom.ru/physical/internet
https://www.domolan.ru/connection
https://www.domolan.ru/lk/login
https://citytelecom.spb.ru/uslugi-dlya-korporativnyh-klientov/korporativnye-klienty-internet/
https://lb.cdt.ru/lbweb-client/api.php?r=site/login
https://cp.citytelecom.ru/auth/login?next=%2F
https://city-telekom.ru/connect/internet/
https://city-telekom.ru/payment/
https://stat.moscow.zelenaya.net/
https://cifra1.ru/internet/
https://www.cln.net/tariffs/
https://www.cln.net/ways/
https://msk-online.ru/#/p/zayavka
https://moscow.msk-online.ru/
https://mtsru.ru/#/p/zayavka
https://moscow.mt-home.ru/#/p/zayavka
https://wifire.tv/
https://boffice.akado.ru/user/login.xml?noCook&requestID=17366707-3D12-7A93-D135-36520522A054
https://msk.dom.ru/payments
https://msk.dom.ru/user/login?referrer=/payments&forceRedirect=true
https://cabinet.almatel.ru/login/
https://domru.spb.ru/tariffs/mega-m/
https://internet.rinet.ru/#order-form
https://volnamobile.ru/pay/
https://volnamobile.ru/services/internet/
https://lk.volnamobile.ru/login?redirect=%2F
https://corp.volnamobile.ru/internet/
https://payment.mts.ru/pay/13590
https://gtnet.ru/customer/internet/paymethods
https://lk.gtnet.ru/
http://gelicon.ru/index.php
https://my.gelicon.ru/
https://zelenaya.net/
